# JRE version: OpenJDK Runtime Environment (8.0_152-b01) (build 1.8.0_152-release-915-b01)
# Java VM: OpenJDK 64-Bit Server VM (25.152-b01 mixed mode linux-amd64 compressed oops)
Heap:
 PSYoungGen      total 348672K, used 283570K [0x00000000e0000000, 0x00000000f7700000, 0x0000000100000000)
  eden space 315392K, 83% used [0x00000000e0000000,0x00000000effbf6a8,0x00000000f3400000)
  from space 33280K, 65% used [0x00000000f5500000,0x00000000f6a2d1d8,0x00000000f7580000)
  to   space 33792K, 0% used [0x00000000f3400000,0x00000000f3400000,0x00000000f5500000)
 ParOldGen       total 140800K, used 51051K [0x00000000a0000000, 0x00000000a8980000, 0x00000000e0000000)
  object space 140800K, 36% used [0x00000000a0000000,0x00000000a31dad18,0x00000000a8980000)
 Metaspace       used 66378K, capacity 68480K, committed 68568K, reserved 1107968K
  class space    used 8724K, capacity 9213K, committed 9216K, reserved 1048576K
GC Heap History (10 events):
Event: 8.863 GC heap before
{Heap before GC invocations=9 (full 2):
 PSYoungGen      total 206336K, used 196608K [0x00000000e0000000, 0x00000000edb00000, 0x0000000100000000)
  eden space 196608K, 100% used [0x00000000e0000000,0x00000000ec000000,0x00000000ec000000)
  from space 9728K, 0% used [0x00000000ed180000,0x00000000ed180000,0x00000000edb00000)
  to   space 13824K, 0% used [0x00000000ec000000,0x00000000ec000000,0x00000000ecd80000)
 ParOldGen       total 92672K, used 16110K [0x00000000a0000000, 0x00000000a5a80000, 0x00000000e0000000)
  object space 92672K, 17% used [0x00000000a0000000,0x00000000a0fbb820,0x00000000a5a80000)
 Metaspace       used 48758K, capacity 49978K, committed 50136K, reserved 1093632K
  class space    used 6552K, capacity 6862K, committed 6912K, reserved 1048576K
Event: 8.882 GC heap after
Heap after GC invocations=9 (full 2):
 PSYoungGen      total 210432K, used 13820K [0x00000000e0000000, 0x00000000f2e80000, 0x0000000100000000)
  eden space 196608K, 0% used [0x00000000e0000000,0x00000000e0000000,0x00000000ec000000)
  from space 13824K, 99% used [0x00000000ec000000,0x00000000ecd7f2b0,0x00000000ecd80000)
  to   space 18432K, 0% used [0x00000000f1c80000,0x00000000f1c80000,0x00000000f2e80000)
 ParOldGen       total 92672K, used 21140K [0x00000000a0000000, 0x00000000a5a80000, 0x00000000e0000000)
  object space 92672K, 22% used [0x00000000a0000000,0x00000000a14a5218,0x00000000a5a80000)
 Metaspace       used 48758K, capacity 49978K, committed 50136K, reserved 1093632K
  class space    used 6552K, capacity 6862K, committed 6912K, reserved 1048576K
}
Event: 11.755 GC heap before
{Heap before GC invocations=10 (full 2):
 PSYoungGen      total 210432K, used 198057K [0x00000000e0000000, 0x00000000f2e80000, 0x0000000100000000)
  eden space 196608K, 93% used [0x00000000e0000000,0x00000000eb3eb300,0x00000000ec000000)
  from space 13824K, 99% used [0x00000000ec000000,0x00000000ecd7f2b0,0x00000000ecd80000)
  to   space 18432K, 0% used [0x00000000f1c80000,0x00000000f1c80000,0x00000000f2e80000)
 ParOldGen       total 92672K, used 21140K [0x00000000a0000000, 0x00000000a5a80000, 0x00000000e0000000)
  object space 92672K, 22% used [0x00000000a0000000,0x00000000a14a5218,0x00000000a5a80000)
 Metaspace       used 57224K, capacity 58890K, committed 59028K, reserved 1099776K
  class space    used 7726K, capacity 8132K, committed 8192K, reserved 1048576K
Event: 11.779 GC heap after
Heap after GC invocations=10 (full 2):
 PSYoungGen      total 283136K, used 18408K [0x00000000e0000000, 0x00000000f3080000, 0x0000000100000000)
  eden space 264704K, 0% used [0x00000000e0000000,0x00000000e0000000,0x00000000f0280000)
  from space 18432K, 99% used [0x00000000f1c80000,0x00000000f2e7a2e8,0x00000000f2e80000)
  to   space 23552K, 0% used [0x00000000f0280000,0x00000000f0280000,0x00000000f1980000)
 ParOldGen       total 92672K, used 26980K [0x00000000a0000000, 0x00000000a5a80000, 0x00000000e0000000)
  object space 92672K, 29% used [0x00000000a0000000,0x00000000a1a593c0,0x00000000a5a80000)
 Metaspace       used 57224K, capacity 58890K, committed 59028K, reserved 1099776K
  class space    used 7726K, capacity 8132K, committed 8192K, reserved 1048576K
}
Event: 11.779 GC heap before
{Heap before GC invocations=11 (full 3):
 PSYoungGen      total 283136K, used 18408K [0x00000000e0000000, 0x00000000f3080000, 0x0000000100000000)
  eden space 264704K, 0% used [0x00000000e0000000,0x00000000e0000000,0x00000000f0280000)
  from space 18432K, 99% used [0x00000000f1c80000,0x00000000f2e7a2e8,0x00000000f2e80000)
  to   space 23552K, 0% used [0x00000000f0280000,0x00000000f0280000,0x00000000f1980000)
 ParOldGen       total 92672K, used 26980K [0x00000000a0000000, 0x00000000a5a80000, 0x00000000e0000000)
  object space 92672K, 29% used [0x00000000a0000000,0x00000000a1a593c0,0x00000000a5a80000)
 Metaspace       used 57224K, capacity 58890K, committed 59028K, reserved 1099776K
  class space    used 7726K, capacity 8132K, committed 8192K, reserved 1048576K
Event: 12.005 GC heap after
Heap after GC invocations=11 (full 3):
 PSYoungGen      total 283136K, used 0K [0x00000000e0000000, 0x00000000f3080000, 0x0000000100000000)
  eden space 264704K, 0% used [0x00000000e0000000,0x00000000e0000000,0x00000000f0280000)
  from space 18432K, 0% used [0x00000000f1c80000,0x00000000f1c80000,0x00000000f2e80000)
  to   space 23552K, 0% used [0x00000000f0280000,0x00000000f0280000,0x00000000f1980000)
 ParOldGen       total 140800K, used 36833K [0x00000000a0000000, 0x00000000a8980000, 0x00000000e0000000)
  object space 140800K, 26% used [0x00000000a0000000,0x00000000a23f8760,0x00000000a8980000)
 Metaspace       used 57224K, capacity 58890K, committed 59028K, reserved 1099776K
  class space    used 7726K, capacity 8132K, committed 8192K, reserved 1048576K
}
Event: 15.169 GC heap before
{Heap before GC invocations=12 (full 3):
 PSYoungGen      total 283136K, used 264704K [0x00000000e0000000, 0x00000000f3080000, 0x0000000100000000)
  eden space 264704K, 100% used [0x00000000e0000000,0x00000000f0280000,0x00000000f0280000)
  from space 18432K, 0% used [0x00000000f1c80000,0x00000000f1c80000,0x00000000f2e80000)
  to   space 23552K, 0% used [0x00000000f0280000,0x00000000f0280000,0x00000000f1980000)
 ParOldGen       total 140800K, used 36833K [0x00000000a0000000, 0x00000000a8980000, 0x00000000e0000000)
  object space 140800K, 26% used [0x00000000a0000000,0x00000000a23f8760,0x00000000a8980000)
 Metaspace       used 64317K, capacity 66218K, committed 66520K, reserved 1107968K
  class space    used 8452K, capacity 8892K, committed 8960K, reserved 1048576K
Event: 15.202 GC heap after
Heap after GC invocations=12 (full 3):
 PSYoungGen      total 288256K, used 23550K [0x00000000e0000000, 0x00000000f7580000, 0x0000000100000000)
  eden space 264704K, 0% used [0x00000000e0000000,0x00000000e0000000,0x00000000f0280000)
  from space 23552K, 99% used [0x00000000f0280000,0x00000000f197f838,0x00000000f1980000)
  to   space 33280K, 0% used [0x00000000f5500000,0x00000000f5500000,0x00000000f7580000)
 ParOldGen       total 140800K, used 51043K [0x00000000a0000000, 0x00000000a8980000, 0x00000000e0000000)
  object space 140800K, 36% used [0x00000000a0000000,0x00000000a31d8d18,0x00000000a8980000)
 Metaspace       used 64317K, capacity 66218K, committed 66520K, reserved 1107968K
  class space    used 8452K, capacity 8892K, committed 8960K, reserved 1048576K
}
Event: 15.988 GC heap before
{Heap before GC invocations=13 (full 3):
 PSYoungGen      total 288256K, used 287995K [0x00000000e0000000, 0x00000000f7580000, 0x0000000100000000)
  eden space 264704K, 99% used [0x00000000e0000000,0x00000000f023f4f0,0x00000000f0280000)
  from space 23552K, 99% used [0x00000000f0280000,0x00000000f197f838,0x00000000f1980000)
  to   space 33280K, 0% used [0x00000000f5500000,0x00000000f5500000,0x00000000f7580000)
 ParOldGen       total 140800K, used 51043K [0x00000000a0000000, 0x00000000a8980000, 0x00000000e0000000)
  object space 140800K, 36% used [0x00000000a0000000,0x00000000a31d8d18,0x00000000a8980000)
 Metaspace       used 65813K, capacity 67946K, committed 68056K, reserved 1107968K
  class space    used 8648K, capacity 9130K, committed 9216K, reserved 1048576K
Event: 16.003 GC heap after
Heap after GC invocations=13 (full 3):
 PSYoungGen      total 348672K, used 21684K [0x00000000e0000000, 0x00000000f7700000, 0x0000000100000000)
  eden space 315392K, 0% used [0x00000000e0000000,0x00000000e0000000,0x00000000f3400000)
  from space 33280K, 65% used [0x00000000f5500000,0x00000000f6a2d1d8,0x00000000f7580000)
  to   space 33792K, 0% used [0x00000000f3400000,0x00000000f3400000,0x00000000f5500000)
 ParOldGen       total 140800K, used 51051K [0x00000000a0000000, 0x00000000a8980000, 0x00000000e0000000)
  object space 140800K, 36% used [0x00000000a0000000,0x00000000a31dad18,0x00000000a8980000)
 Metaspace       used 65813K, capacity 67946K, committed 68056K, reserved 1107968K
  class space    used 8648K, capacity 9130K, committed 9216K, reserved 1048576K
}

